make all --print-data-base --no-builtin-variables --no-builtin-rules --question
# GNU Make 4.2.1
# Built for x86_64-pc-linux-gnu
# Copyright (C) 1988-2016 Free Software Foundation, Inc.
# License GPLv3+: GNU GPL version 3 or later <http://gnu.org/licenses/gpl.html>
# This is free software: you are free to change and redistribute it.
# There is NO WARRANTY, to the extent permitted by law.

# Make data base, printed on Mon Jun 20 10:45:15 2022

# Variables

# automatic
<D = $(patsubst %/,%,$(dir $<))
# automatic
?F = $(notdir $?)
# environment
PAPERSIZE = a4
# environment
DESKTOP_SESSION = pantheon
# default
.SHELLFLAGS := -c
# environment
XDG_SESSION_CLASS = user
# environment
SNAP_COMMON = /var/snap/code/common
# environment
XDG_SESSION_TYPE = x11
# environment
VSCODE_LOG_NATIVE = false
# environment
NVM_INC = /home/sylvester/.nvm/versions/node/v16.15.0/include/node
# automatic
?D = $(patsubst %/,%,$(dir $?))
# automatic
@D = $(patsubst %/,%,$(dir $@))
# environment
XAUTHORITY = /home/sylvester/.Xauthority
# environment
GDMSESSION = pantheon
# environment
XMODIFIERS = @im=ibus
# makefile
CURDIR := /home/sylvester/Documents/Github/v-modules/touched-agi-v
# makefile
SHELL = /bin/sh
# environment
SNAP_DATA = /var/snap/code/99
# environment
GDM_LANG = en_US
# environment
VSCODE_NLS_CONFIG = {"locale":"en-us","availableLanguages":{},"_languagePackSupport":true}
# environment
_ = /snap/code/99/usr/share/code/code
# environment
GOOGLE_APPLICATION_CREDENTIALS = /home/sylvester/Documents/Redcore-Development/Clients/Distell/Distell-IVR/distell-tts.json
# environment
XDG_CONFIG_DIRS = /etc/xdg/xdg-pantheon:/etc/xdg
# environment
SNAP_INSTANCE_NAME = code
# environment
SNAP_ARCH = amd64
# makefile (from 'Makefile', line 1)
MAKEFILE_LIST :=  Makefile
# automatic
@F = $(notdir $@)
# makefile (from 'Makefile', line 3)
ARGS = -cg
# environment
GIO_LAUNCHED_DESKTOP_FILE = /var/lib/snapd/desktop/applications/code_code.desktop
# 'override' directive
GNUMAKEFLAGS := 
# environment
MAKELEVEL := 0
# environment
MANDATORY_PATH = /usr/share/gconf/pantheon.mandatory.path
# environment
XDG_DATA_DIRS = /usr/share/gnome:/usr/share/pantheon:/home/sylvester/.local/share/flatpak/exports/share:/var/lib/flatpak/exports/share:/usr/local/share:/usr/share:/var/lib/snapd/desktop
# environment
DBUS_SESSION_BUS_ADDRESS = unix:path=/run/user/1000/bus
# environment
VSCODE_VERBOSE_LOGGING = true
# environment
LESSOPEN = | /usr/bin/lesspipe %s
# environment
LC_NAME = en_ZA.UTF-8
# environment
VSCODE_CWD = /home/sylvester
# environment
QT_STYLE_OVERRIDE = adwaita
# environment
XDG_SESSION_PATH = /org/freedesktop/DisplayManager/Session0
# environment
GSETTINGS_SCHEMA_DIR = /snap/code/99/usr/share/glib-2.0/schemas
# default
MAKE_HOST := x86_64-pc-linux-gnu
# environment
PATH = /home/sylvester/.deno/bin:/home/sylvester/.nvm/versions/node/v16.15.0/bin:/usr/local/sbin:/usr/local/bin:/usr/sbin:/usr/bin:/sbin:/bin:/usr/games:/usr/local/games:/snap/bin:/usr/local/go/bin:/home/sylvester/GraalVM/bin:/opt/gradle/gradle-7.4.2/bin:/home/sylvester/idea/bin:/home/sylvester/go/bin:/home/sylvester/Tiled-Map-Editor
# environment
GPG_AGENT_INFO = /run/user/1000/gnupg/S.gpg-agent:0:1
# environment
SESSION_MANAGER = local/Linux:@/tmp/.ICE-unix/2402,unix/Linux:/tmp/.ICE-unix/2402
# environment
XDG_RUNTIME_DIR = /run/user/1000
# environment
GDK_PIXBUF_MODULE_FILE = /home/sylvester/snap/code/common/.cache/gdk-pixbuf-loaders.cache
# environment
SNAP = /snap/code/99
# environment
NVM_BIN = /home/sylvester/.nvm/versions/node/v16.15.0/bin
# environment
SNAP_VERSION = 30d9c6cd
# environment
XDG_MENU_PREFIX = gnome-
# environment
VSCODE_LOG_STACK = false
# environment
DISABLE_WAYLAND = 1
# environment
ELECTRON_RUN_AS_NODE = 1
# environment
GDK_PIXBUF_MODULEDIR = /snap/code/99/usr/lib/x86_64-linux-gnu/gdk-pixbuf-2.0/2.10.0/loaders
# default
.FEATURES := target-specific order-only second-expansion else-if shortest-stem undefine oneshell archives jobserver output-sync check-symlink load
# environment
XDG_GREETER_DATA_DIR = /var/lib/lightdm-data/sylvester
# environment
LS_COLORS = 
# environment
XDG_SESSION_DESKTOP = pantheon
# environment
SSH_AUTH_SOCK = /run/user/1000/keyring/ssh
# environment
GIO_LAUNCHED_DESKTOP_FILE_PID = 7672
# automatic
%F = $(notdir $%)
# environment
DISPLAY = :0
# environment
VSCODE_PIPE_LOGGING = true
# environment
SNAP_INSTANCE_KEY = 
# environment
PWD = /home/sylvester/Documents/Github/v-modules/touched-agi-v
# environment
QT_QPA_PLATFORMTHEME = gtk3
# default
.LOADED := 
# environment
SSH_AGENT_PID = 2578
# environment
ORIGINAL_XDG_CURRENT_DESKTOP = Pantheon
# environment
GTK_MODULES = gail:atk-bridge
# environment
VSCODE_AMD_ENTRYPOINT = vs/workbench/api/node/extensionHostProcess
# environment
HOME = /home/sylvester
# environment
LESSCLOSE = /usr/bin/lesspipe %s %s
# environment
VSCODE_CLI = 1
# environment
VSCODE_CODE_CACHE_PATH = /home/sylvester/.config/Code/CachedData/30d9c6cd9483b2cc586687151bcbcd635f373630
# environment
LOGNAME = sylvester
# environment
APPLICATION_INSIGHTS_NO_DIAGNOSTIC_CHANNEL = 1
# environment
SNAP_LIBRARY_PATH = /var/lib/snapd/lib/gl:/var/lib/snapd/lib/gl32:/var/lib/snapd/void
# environment
SNAP_CONTEXT = NVibtPetSce3aq7-YXfsoCba11Z3eBrrksu8djxBN6fxPgARb0XD
# environment
NVM_CD_FLAGS = 
# automatic
+F = $(notdir $+)
# environment
ELECTRON_NO_ATTACH_CONSOLE = 1
# environment
SNAP_USER_COMMON = /home/sylvester/snap/code/common
# environment
VSCODE_HANDLES_UNCAUGHT_ERRORS = true
# environment
GNOME_DESKTOP_SESSION_ID = this-is-deprecated
# automatic
^D = $(patsubst %/,%,$(dir $^))
# environment
LC_TIME = en_ZA.UTF-8
# environment
SNAP_REAL_HOME = /home/sylvester
# default
MAKE = $(MAKE_COMMAND)
# default
MAKECMDGOALS := all
# environment
QT_IM_MODULE = ibus
# environment
SNAP_USER_DATA = /home/sylvester/snap/code/99
# environment
SHLVL = 0
# makefile (from 'Makefile', line 1)
CC = v
# environment
JAVA_HOME = /home/sylvester/GraalVM
# environment
VSCODE_IPC_HOOK_EXTHOST = /run/user/1000/vscode-ipc-19a4a10a-426e-4d0f-bf9d-43061906f0b1.sock
# default
MAKE_VERSION := 4.2.1
# environment
USER = sylvester
# environment
SNAP_REVISION = 99
# environment
LC_MONETARY = en_ZA.UTF-8
# makefile
.DEFAULT_GOAL := all
# environment
XDG_CURRENT_DESKTOP = Unity
# automatic
%D = $(patsubst %/,%,$(dir $%))
# environment
LC_TELEPHONE = en_ZA.UTF-8
# environment
GCM_CREDENTIAL_STORE = secretservice
# default
MAKE_COMMAND := make
# default
.VARIABLES := 
# automatic
*F = $(notdir $*)
# environment
LANGUAGE = en_US
# environment
XDG_SEAT_PATH = /org/freedesktop/DisplayManager/Seat0
# environment
VSCODE_IPC_HOOK = /run/user/1000/vscode-7e463c89-1.68.1-main.sock
# environment
BAMF_DESKTOP_FILE_HINT = /var/lib/snapd/desktop/applications/code_code.desktop
# makefile
MAKEFLAGS = pqrR
# environment
MFLAGS = -pqrR
# automatic
*D = $(patsubst %/,%,$(dir $*))
# environment
NVM_DIR = /home/sylvester/.nvm
# automatic
+D = $(patsubst %/,%,$(dir $+))
# environment
GDK_BACKEND = x11
# environment
LC_PAPER = en_ZA.UTF-8
# environment
DENO_INSTALL = /home/sylvester/.deno
# environment
QT_ACCESSIBILITY = 1
# environment
DEFAULTS_PATH = /usr/share/gconf/pantheon.default.path
# default
MAKEFILES := 
# environment
SNAP_COOKIE = NVibtPetSce3aq7-YXfsoCba11Z3eBrrksu8djxBN6fxPgARb0XD
# environment
LC_NUMERIC = en_ZA.UTF-8
# automatic
<F = $(notdir $<)
# environment
LC_MEASUREMENT = en_ZA.UTF-8
# environment
SNAP_NAME = code
# environment
LC_ALL = C
# automatic
^F = $(notdir $^)
# default
SUFFIXES := 
# environment
SNAP_REEXEC = 
# environment
CHROME_DESKTOP = code-url-handler.desktop
# default
.INCLUDE_DIRS = /usr/include /usr/local/include /usr/include
# environment
 
LC_IDENTIFICATION = en_ZA.UTF-8
# default
.RECIPEPREFIX := 
# environment
LC_ADDRESS = en_ZA.UTF-8
# environment
LANG = C
# environment
VSCODE_PID = 7722
# makefile (from 'Makefile', line 2)
FILES = main.v
# variable set hash-table stats:
# Load=141/1024=14%, Rehash=0, Collisions=15/173=9%

# Pattern-specific Variable Values

# No pattern-specific variable values.

# Directories

# . (device 64768, inode 29624866): 14 files, no impossibilities.

# 14 files, no impossibilities in 1 directories.

# Implicit Rules

# No implicit rules.

# Files

all: main.v
#  Command line target.
#  Implicit rule search has not been done.
#  Implicit/static pattern stem: ''
#  File does not exist.
#  File has been updated.
#  Needs to be updated (-q is set).
# automatic
# @ := all
# automatic
# % := 
# automatic
# * := 
# automatic
# + := main.v
# automatic
# | := 
# automatic
# < := main.v
# automatic
# ^ := main.v
# automatic
# ? := main.v
# variable set hash-table stats:
# Load=8/32=25%, Rehash=0, Collisions=1/14=7%
#  recipe to execute (from 'Makefile', line 8):
	${CC} ${ARGS} run ${FILES}

# Not a target:
.SUFFIXES:
#  Implicit rule search has not been done.
#  Modification time never checked.
#  File has not been updated.

prod:
#  Implicit rule search has not been done.
#  Modification time never checked.
#  File has not been updated.
#  recipe to execute (from 'Makefile', line 11):
	- rm -r ./dist
	- mkdir ./dist
	v ${ARGS} . --prod -o ./dist/touched-agi-v

# Not a target:
Makefile:
#  Implicit rule search has been done.
#  Last modified 2022-06-19 01:48:04.625126817
#  File has been updated.
#  Successfully updated.

# Not a target:
.DEFAULT:
#  Implicit rule search has not been done.
#  Modification time never checked.
#  File has not been updated.

# Not a target:
main.v:
#  Implicit rule search has been done.
#  Last modified 2022-06-19 21:43:51.564808894
#  File has been updated.
#  Successfully updated.

# files hash-table stats:
# Load=6/1024=1%, Rehash=0, Collisions=0/19=0%
# VPATH Search Paths

# No 'vpath' search paths.

# No general ('VPATH' variable) search path.

# strcache buffers: 1 (0) / strings = 20 / storage = 183 B / avg = 9 B
# current buf: size = 8162 B / used = 183 B / count = 20 / avg = 9 B

# strcache performance: lookups = 29 / hit rate = 31%
# hash-table stats:
# Load=20/8192=0%, Rehash=0, Collisions=1/29=3%
# Finished Make data base on Mon Jun 20 10:45:15 2022

 
